<?xml version="1.0" encoding="UTF-8"?>
<!-- Generated by org.testng.reporters.JUnitReportReporter -->
<testsuite skipped="21" hostname="ARS-NBT-LAP-250" name="com.dav.testcases.TC_DkycAgentInitiateSingleCase_09" tests="26" failures="0" timestamp="18 May 2022 11:47:38 GMT" time="83.585" errors="1">
  <testcase name="verifyAgentInitiateASingleCase" time="32.716" classname="com.dav.testcases.TC_DkycAgentInitiateSingleCase_09"/>
  <testcase name="verifyAgentDkycEmailVerification" time="9.108" classname="com.dav.testcases.TC_DkycAgentInitiateSingleCase_09"/>
  <testcase name="verifyDkycAgentLoginDeatils" time="4.274" classname="com.dav.testcases.TC_DkycAgentInitiateSingleCase_09"/>
  <testcase name="verifyDkycAgentWipCase" time="10.741" classname="com.dav.testcases.TC_DkycAgentInitiateSingleCase_09"/>
  <testcase name="verifyWelcomCompleteDkycJourney" time="26.745" classname="com.dav.testcases.TC_DkycAgentInitiateSingleCase_09">
    <error type="org.openqa.selenium.WebDriverException" message="chrome not reachable
  (Session info: chrome=101.0.4951.41)
Build info: version: &#039;3.14.0&#039;, revision: &#039;aacccce0&#039;, time: &#039;2018-08-02T20:19:58.91Z&#039;
System info: host: &#039;ARS-NBT-LAP-250&#039;, ip: &#039;192.168.43.51&#039;, os.name: &#039;Linux&#039;, os.arch: &#039;amd64&#039;, os.version: &#039;5.13.0-41-generic&#039;, java.version: &#039;1.8.0_312&#039;
Driver info: org.openqa.selenium.chrome.ChromeDriver
Capabilities {acceptInsecureCerts: false, browserName: chrome, browserVersion: 101.0.4951.41, chrome: {chromedriverVersion: 101.0.4951.41 (93c720db8323..., userDataDir: /tmp/.com.google.Chrome.XZ10Gr}, goog:chromeOptions: {debuggerAddress: localhost:35125}, javascriptEnabled: true, networkConnectionEnabled: false, pageLoadStrategy: normal, platform: LINUX, platformName: LINUX, proxy: Proxy(), setWindowRect: true, strictFileInteractability: false, timeouts: {implicit: 0, pageLoad: 300000, script: 30000}, unhandledPromptBehavior: dismiss and notify, webauthn:extension:credBlob: true, webauthn:extension:largeBlob: true, webauthn:virtualAuthenticators: true}
Session ID: 5180fa38172edb6e56f5f0ac54af6550
*** Element info: {Using=xpath, value=//select[@id=&#039;stayYearFrom&#039;]}">
      <![CDATA[org.openqa.selenium.WebDriverException: chrome not reachable
  (Session info: chrome=101.0.4951.41)
Build info: version: '3.14.0', revision: 'aacccce0', time: '2018-08-02T20:19:58.91Z'
System info: host: 'ARS-NBT-LAP-250', ip: '192.168.43.51', os.name: 'Linux', os.arch: 'amd64', os.version: '5.13.0-41-generic', java.version: '1.8.0_312'
Driver info: org.openqa.selenium.chrome.ChromeDriver
Capabilities {acceptInsecureCerts: false, browserName: chrome, browserVersion: 101.0.4951.41, chrome: {chromedriverVersion: 101.0.4951.41 (93c720db8323..., userDataDir: /tmp/.com.google.Chrome.XZ10Gr}, goog:chromeOptions: {debuggerAddress: localhost:35125}, javascriptEnabled: true, networkConnectionEnabled: false, pageLoadStrategy: normal, platform: LINUX, platformName: LINUX, proxy: Proxy(), setWindowRect: true, strictFileInteractability: false, timeouts: {implicit: 0, pageLoad: 300000, script: 30000}, unhandledPromptBehavior: dismiss and notify, webauthn:extension:credBlob: true, webauthn:extension:largeBlob: true, webauthn:virtualAuthenticators: true}
Session ID: 5180fa38172edb6e56f5f0ac54af6550
*** Element info: {Using=xpath, value=//select[@id='stayYearFrom']}
at sun.reflect.NativeConstructorAccessorImpl.newInstance0(Native Method)
at sun.reflect.NativeConstructorAccessorImpl.newInstance(NativeConstructorAccessorImpl.java:62)
at sun.reflect.DelegatingConstructorAccessorImpl.newInstance(DelegatingConstructorAccessorImpl.java:45)
at java.lang.reflect.Constructor.newInstance(Constructor.java:423)
at org.openqa.selenium.remote.http.W3CHttpResponseCodec.createException(W3CHttpResponseCodec.java:187)
at org.openqa.selenium.remote.http.W3CHttpResponseCodec.decode(W3CHttpResponseCodec.java:122)
at org.openqa.selenium.remote.http.W3CHttpResponseCodec.decode(W3CHttpResponseCodec.java:49)
at org.openqa.selenium.remote.HttpCommandExecutor.execute(HttpCommandExecutor.java:158)
at org.openqa.selenium.remote.service.DriverCommandExecutor.execute(DriverCommandExecutor.java:83)
at org.openqa.selenium.remote.RemoteWebDriver.execute(RemoteWebDriver.java:548)
at org.openqa.selenium.remote.RemoteWebDriver.findElement(RemoteWebDriver.java:322)
at org.openqa.selenium.remote.RemoteWebDriver.findElementByXPath(RemoteWebDriver.java:424)
at org.openqa.selenium.By$ByXPath.findElement(By.java:353)
at org.openqa.selenium.remote.RemoteWebDriver.findElement(RemoteWebDriver.java:314)
at org.openqa.selenium.support.pagefactory.DefaultElementLocator.findElement(DefaultElementLocator.java:69)
at org.openqa.selenium.support.pagefactory.internal.LocatingElementHandler.invoke(LocatingElementHandler.java:38)
at com.sun.proxy.$Proxy9.getTagName(Unknown Source)
at org.openqa.selenium.support.ui.Select.<init>(Select.java:44)
at com.dav.utilities.JavaScriptManuplator.selectOptionFromDropDown(JavaScriptManuplator.java:17)
at com.dav.pageobject.DkycAgentInitiateSingleCase.welcomeCompleteDkycJourney(DkycAgentInitiateSingleCase.java:932)
at com.dav.testcases.TC_DkycAgentInitiateSingleCase_09.verifyWelcomCompleteDkycJourney(TC_DkycAgentInitiateSingleCase_09.java:140)
at sun.reflect.NativeMethodAccessorImpl.invoke0(Native Method)
at sun.reflect.NativeMethodAccessorImpl.invoke(NativeMethodAccessorImpl.java:62)
at sun.reflect.DelegatingMethodAccessorImpl.invoke(DelegatingMethodAccessorImpl.java:43)
at java.lang.reflect.Method.invoke(Method.java:498)
at org.testng.internal.MethodInvocationHelper.invokeMethod(MethodInvocationHelper.java:124)
at org.testng.internal.Invoker.invokeMethod(Invoker.java:583)
at org.testng.internal.Invoker.invokeTestMethod(Invoker.java:719)
at org.testng.internal.Invoker.invokeTestMethods(Invoker.java:989)
at org.testng.internal.TestMethodWorker.invokeTestMethods(TestMethodWorker.java:125)
at org.testng.internal.TestMethodWorker.run(TestMethodWorker.java:109)
at org.testng.TestRunner.privateRun(TestRunner.java:648)
at org.testng.TestRunner.run(TestRunner.java:505)
at org.testng.SuiteRunner.runTest(SuiteRunner.java:455)
at org.testng.SuiteRunner.runSequentially(SuiteRunner.java:450)
at org.testng.SuiteRunner.privateRun(SuiteRunner.java:415)
at org.testng.SuiteRunner.run(SuiteRunner.java:364)
at org.testng.SuiteRunnerWorker.runSuite(SuiteRunnerWorker.java:52)
at org.testng.SuiteRunnerWorker.run(SuiteRunnerWorker.java:84)
at org.testng.TestNG.runSuitesSequentially(TestNG.java:1208)
at org.testng.TestNG.runSuitesLocally(TestNG.java:1137)
at org.testng.TestNG.runSuites(TestNG.java:1049)
at org.testng.TestNG.run(TestNG.java:1017)
at org.apache.maven.surefire.testng.TestNGExecutor.run(TestNGExecutor.java:295)
at org.apache.maven.surefire.testng.TestNGXmlTestSuite.execute(TestNGXmlTestSuite.java:84)
at org.apache.maven.surefire.testng.TestNGProvider.invoke(TestNGProvider.java:90)
at org.apache.maven.surefire.booter.ForkedBooter.invokeProviderInSameClassLoader(ForkedBooter.java:203)
at org.apache.maven.surefire.booter.ForkedBooter.runSuitesInProcess(ForkedBooter.java:155)
at org.apache.maven.surefire.booter.ForkedBooter.main(ForkedBooter.java:103)
]]>
    </error>
  </testcase> <!-- verifyWelcomCompleteDkycJourney -->
  <testcase name="verifyGiveYourFeedBackAction" time="0.000" classname="com.dav.testcases.TC_DkycAgentInitiateSingleCase_09">
    <skipped/>
  </testcase> <!-- verifyGiveYourFeedBackAction -->
  <testcase name="verifyGenerateCaseReportPdf" time="0.000" classname="com.dav.testcases.TC_DkycAgentInitiateSingleCase_09">
    <skipped/>
  </testcase> <!-- verifyGenerateCaseReportPdf -->
  <testcase name="verifyAgentAccountLogIn" time="0.000" classname="com.dav.testcases.TC_DkycAgentInitiateSingleCase_09">
    <skipped/>
  </testcase> <!-- verifyAgentAccountLogIn -->
  <testcase name="verifyAgentCompletedBucket" time="0.000" classname="com.dav.testcases.TC_DkycAgentInitiateSingleCase_09">
    <skipped/>
  </testcase> <!-- verifyAgentCompletedBucket -->
  <testcase name="verifyCaseResultStatusCompleted" time="0.000" classname="com.dav.testcases.TC_DkycAgentInitiateSingleCase_09">
    <skipped/>
  </testcase> <!-- verifyCaseResultStatusCompleted -->
  <testcase name="verifiedValueAddress" time="0.000" classname="com.dav.testcases.TC_DkycAgentInitiateSingleCase_09">
    <skipped/>
  </testcase> <!-- verifiedValueAddress -->
  <testcase name="verifyDateOfVerification" time="0.000" classname="com.dav.testcases.TC_DkycAgentInitiateSingleCase_09">
    <skipped/>
  </testcase> <!-- verifyDateOfVerification -->
  <testcase name="verifyReportingNameOnViewDetails" time="0.000" classname="com.dav.testcases.TC_DkycAgentInitiateSingleCase_09">
    <skipped/>
  </testcase> <!-- verifyReportingNameOnViewDetails -->
  <testcase name="verifyGetStatusCodeOfPoiFront" time="0.000" classname="com.dav.testcases.TC_DkycAgentInitiateSingleCase_09">
    <skipped/>
  </testcase> <!-- verifyGetStatusCodeOfPoiFront -->
  <testcase name="verifyGetStatusCodeOfSelefie" time="0.000" classname="com.dav.testcases.TC_DkycAgentInitiateSingleCase_09">
    <skipped/>
  </testcase> <!-- verifyGetStatusCodeOfSelefie -->
  <testcase name="verifyGetStatusCodeOfNid" time="0.000" classname="com.dav.testcases.TC_DkycAgentInitiateSingleCase_09">
    <skipped/>
  </testcase> <!-- verifyGetStatusCodeOfNid -->
  <testcase name="verifyGetStatusCodeOfPoaBack" time="0.000" classname="com.dav.testcases.TC_DkycAgentInitiateSingleCase_09">
    <skipped/>
  </testcase> <!-- verifyGetStatusCodeOfPoaBack -->
  <testcase name="verifyGetStatusCodeOfLabelOne" time="0.000" classname="com.dav.testcases.TC_DkycAgentInitiateSingleCase_09">
    <skipped/>
  </testcase> <!-- verifyGetStatusCodeOfLabelOne -->
  <testcase name="verifyGetStatusCodeOfPadLabelOne" time="0.000" classname="com.dav.testcases.TC_DkycAgentInitiateSingleCase_09">
    <skipped/>
  </testcase> <!-- verifyGetStatusCodeOfPadLabelOne -->
  <testcase name="verifyVerificationReportPdf" time="0.000" classname="com.dav.testcases.TC_DkycAgentInitiateSingleCase_09">
    <skipped/>
  </testcase> <!-- verifyVerificationReportPdf -->
  <testcase name="verifyVerificationReportPdfContainsFullName" time="0.000" classname="com.dav.testcases.TC_DkycAgentInitiateSingleCase_09">
    <skipped/>
  </testcase> <!-- verifyVerificationReportPdfContainsFullName -->
  <testcase name="verifyVerificationReportPdfContainsEmail" time="0.000" classname="com.dav.testcases.TC_DkycAgentInitiateSingleCase_09">
    <skipped/>
  </testcase> <!-- verifyVerificationReportPdfContainsEmail -->
  <testcase name="verifyVerificationReportPdfContainsMobileNo" time="0.000" classname="com.dav.testcases.TC_DkycAgentInitiateSingleCase_09">
    <skipped/>
  </testcase> <!-- verifyVerificationReportPdfContainsMobileNo -->
  <testcase name="verifyVerificationReportPdfContainsRmName" time="0.001" classname="com.dav.testcases.TC_DkycAgentInitiateSingleCase_09">
    <skipped/>
  </testcase> <!-- verifyVerificationReportPdfContainsRmName -->
  <testcase name="verifyVerificationReportPdfContainsAddress" time="0.000" classname="com.dav.testcases.TC_DkycAgentInitiateSingleCase_09">
    <skipped/>
  </testcase> <!-- verifyVerificationReportPdfContainsAddress -->
  <testcase name="verifyVerificationReportPdfContainsDateVerification" time="0.000" classname="com.dav.testcases.TC_DkycAgentInitiateSingleCase_09">
    <skipped/>
  </testcase> <!-- verifyVerificationReportPdfContainsDateVerification -->
</testsuite> <!-- com.dav.testcases.TC_DkycAgentInitiateSingleCase_09 -->
