<?xml version="1.0" encoding="UTF-8"?>
<!-- Generated by org.testng.reporters.JUnitReportReporter -->
<testsuite skipped="0" hostname="ARS-NBT-LAP-250" name="com.dav.testcases.TC_RegistrationNewUser_02" tests="1" failures="0" timestamp="18 May 2022 11:47:38 GMT" time="30.560" errors="0">
  <testcase name="verifyCreateUserForClientDetails" time="30.560" classname="com.dav.testcases.TC_RegistrationNewUser_02"/>
</testsuite> <!-- com.dav.testcases.TC_RegistrationNewUser_02 -->
