<?xml version="1.0" encoding="UTF-8"?>
<!-- Generated by org.testng.reporters.JUnitReportReporter -->
<testsuite skipped="0" hostname="ARS-NBT-LAP-250" name="com.dav.testcases.TC_RegistrationNewAgent_03" tests="1" failures="0" timestamp="18 May 2022 11:47:38 GMT" time="28.827" errors="0">
  <testcase name="verifyCreateAgentForClientDetails" time="28.827" classname="com.dav.testcases.TC_RegistrationNewAgent_03"/>
</testsuite> <!-- com.dav.testcases.TC_RegistrationNewAgent_03 -->
