<?xml version="1.0" encoding="UTF-8"?>
<!-- Generated by org.testng.reporters.JUnitReportReporter -->
<testsuite skipped="0" hostname="ARS-NBT-LAP-250" name="com.dav.testcases.TC_RegistrationNewClientForDkyc_07" tests="2" failures="0" timestamp="18 May 2022 11:47:38 GMT" time="47.987" errors="0">
  <testcase name="verifyDavAdminLoginTest" time="8.333" classname="com.dav.testcases.TC_RegistrationNewClientForDkyc_07"/>
  <testcase name="verifyRegisterNewClientDetails" time="39.654" classname="com.dav.testcases.TC_RegistrationNewClientForDkyc_07"/>
</testsuite> <!-- com.dav.testcases.TC_RegistrationNewClientForDkyc_07 -->
